[21:02:11] [main/INFO]: Setting user: Player293
[21:02:12] [Client thread/INFO]: LWJGL Version: 2.9.1
[21:02:20] [Client thread/INFO]: Reloading ResourceManager: Default, FMLFileResourcePack:Forge Mod Loader, FMLFileResourcePack:Minecraft Forge, FMLFileResourcePack:VirusMod
[21:02:20] [Sound Library Loader/INFO]: Sound engine started
[21:02:21] [Client thread/INFO]: Created: 16x16 textures/blocks-atlas
[21:02:21] [Client thread/INFO]: Created: 16x16 textures/items-atlas
[21:02:21] [Client thread/INFO]: Reloading ResourceManager: Default, FMLFileResourcePack:Forge Mod Loader, FMLFileResourcePack:Minecraft Forge, FMLFileResourcePack:VirusMod
[21:02:21] [Client thread/INFO]: Created: 512x256 textures/blocks-atlas
[21:02:22] [Client thread/INFO]: Created: 256x256 textures/items-atlas
[21:02:22] [Sound Library Loader/INFO]: Sound engine started
[21:02:28] [Server thread/INFO]: Starting integrated minecraft server version 1.7.10
[21:02:28] [Server thread/INFO]: Generating keypair
[21:02:28] [Server thread/INFO]: Preparing start region for level 0
[21:02:29] [Server thread/INFO]: Changing view distance to 4, from 10
[21:02:30] [Server thread/INFO]: Player293[local:E:539ff8df] logged in with entity id 360 at (69.3740253051047, 75.2808446030407, 325.2739211763146)
[21:02:30] [Server thread/INFO]: Player293 joined the game
[21:03:17] [Server thread/INFO]: Saving and pausing game...
[21:03:17] [Server thread/INFO]: Saving chunks for level 'New World'/Overworld
[21:03:17] [Server thread/INFO]: Saving chunks for level 'New World'/Nether
[21:03:17] [Server thread/INFO]: Saving chunks for level 'New World'/The End
[21:03:18] [Server thread/INFO]: Stopping server
[21:03:18] [Server thread/INFO]: Saving players
[21:03:18] [Server thread/INFO]: Saving worlds
[21:03:18] [Server thread/INFO]: Saving chunks for level 'New World'/Overworld
[21:03:18] [Server thread/INFO]: Saving chunks for level 'New World'/Nether
[21:03:18] [Server thread/INFO]: Saving chunks for level 'New World'/The End
[21:03:19] [Client thread/INFO]: Stopping!
